Library/Bee/Android/Prj/IL2CPP/Gradle/unityLibrary/build/intermediates/manifest_merge_blame_file/debug/manifest-merger-blame-debug-report.txt
1<?xml version="1.0" encoding="utf-8"?>
2<manifest xmlns:android="http://schemas.android.com/apk/res/android"
3    xmlns:tools="http://schemas.android.com/tools"
4    package="com.unity3d.player"
5    android:installLocation="auto"
6    android:versionCode="1"
7    android:versionName="1.0" >
8
9    <uses-sdk
10        android:minSdkVersion="25"
10-->src\main\AndroidManifest.xml
11        android:targetSdkVersion="30" />
11-->src\main\AndroidManifest.xml
12
13    <uses-feature android:glEsVersion="0x00030000" />
13-->src\main\AndroidManifest.xml:26:3-52
13-->src\main\AndroidManifest.xml:26:17-49
14    <uses-feature
14-->src\main\AndroidManifest.xml:27:3-91
15        android:name="android.hardware.vulkan.version"
15-->src\main\AndroidManifest.xml:27:17-63
16        android:required="false" />
16-->src\main\AndroidManifest.xml:27:64-88
17
18    <uses-permission android:name="android.permission.INTERNET" />
18-->src\main\AndroidManifest.xml:28:3-65
18-->src\main\AndroidManifest.xml:28:20-62
19
20    <uses-feature
20-->src\main\AndroidManifest.xml:29:3-88
21        android:name="android.hardware.touchscreen"
21-->src\main\AndroidManifest.xml:29:17-60
22        android:required="false" />
22-->src\main\AndroidManifest.xml:29:61-85
23    <uses-feature
23-->src\main\AndroidManifest.xml:30:3-99
24        android:name="android.hardware.touchscreen.multitouch"
24-->src\main\AndroidManifest.xml:30:17-71
25        android:required="false" />
25-->src\main\AndroidManifest.xml:30:72-96
26    <uses-feature
26-->src\main\AndroidManifest.xml:31:3-108
27        android:name="android.hardware.touchscreen.multitouch.distinct"
27-->src\main\AndroidManifest.xml:31:17-80
28        android:required="false" />
28-->src\main\AndroidManifest.xml:31:81-105
29    <uses-feature
29-->src\main\AndroidManifest.xml:32:3-111
30        android:name="android.hardware.vr.headtracking"
30-->src\main\AndroidManifest.xml:32:17-64
31        android:required="true"
31-->src\main\AndroidManifest.xml:32:65-88
32        android:version="1" />
32-->src\main\AndroidManifest.xml:32:89-108
33
34    <application
34-->src\main\AndroidManifest.xml:3:3-25:17
35        android:extractNativeLibs="true"
35-->src\main\AndroidManifest.xml:3:16-48
36        android:isGame="true" >
36-->src\main\AndroidManifest.xml:3:49-70
37        <activity
37-->src\main\AndroidManifest.xml:4:5-14:16
38            android:name="com.unity3d.player.UnityPlayerActivity"
38-->src\main\AndroidManifest.xml:4:15-68
39            android:configChanges="keyboard|keyboardHidden|navigation|orientation|screenLayout|screenSize|uiMode|density"
39-->src\main\AndroidManifest.xml:4:204-313
40            android:hardwareAccelerated="false"
40-->src\main\AndroidManifest.xml:4:349-384
41            android:launchMode="singleTask"
41-->src\main\AndroidManifest.xml:4:172-203
42            android:resizeableActivity="false"
42-->src\main\AndroidManifest.xml:4:314-348
43            android:screenOrientation="landscape"
43-->src\main\AndroidManifest.xml:4:134-171
44            android:theme="@android:style/Theme.Black.NoTitleBar.Fullscreen" >
44-->src\main\AndroidManifest.xml:4:69-133
45            <intent-filter>
45-->src\main\AndroidManifest.xml:5:7-10:23
46                <action android:name="android.intent.action.MAIN" />
46-->src\main\AndroidManifest.xml:6:9-61
46-->src\main\AndroidManifest.xml:6:17-58
47
48                <category android:name="android.intent.category.LAUNCHER" />
48-->src\main\AndroidManifest.xml:7:9-69
48-->src\main\AndroidManifest.xml:7:19-66
49                <category android:name="android.intent.category.LEANBACK_LAUNCHER" />
49-->src\main\AndroidManifest.xml:8:9-78
49-->src\main\AndroidManifest.xml:8:19-75
50                <category android:name="com.oculus.intent.category.VR" />
50-->src\main\AndroidManifest.xml:9:9-66
50-->src\main\AndroidManifest.xml:9:19-63
51            </intent-filter>
52
53            <meta-data
53-->src\main\AndroidManifest.xml:11:7-82
54                android:name="unityplayer.UnityActivity"
54-->src\main\AndroidManifest.xml:11:18-58
55                android:value="true" />
55-->src\main\AndroidManifest.xml:11:59-79
56            <meta-data
56-->src\main\AndroidManifest.xml:12:7-78
57                android:name="android.notch_support"
57-->src\main\AndroidManifest.xml:12:18-54
58                android:value="true" />
58-->src\main\AndroidManifest.xml:12:55-75
59            <meta-data
59-->src\main\AndroidManifest.xml:13:7-81
60                android:name="com.oculus.vr.focusaware"
60-->src\main\AndroidManifest.xml:13:18-57
61                android:value="true" />
61-->src\main\AndroidManifest.xml:13:58-78
62        </activity>
63
64        <meta-data
64-->src\main\AndroidManifest.xml:15:5-69
65            android:name="unity.splash-mode"
65-->src\main\AndroidManifest.xml:15:16-48
66            android:value="0" />
66-->src\main\AndroidManifest.xml:15:49-66
67        <meta-data
67-->src\main\AndroidManifest.xml:16:5-74
68            android:name="unity.splash-enable"
68-->src\main\AndroidManifest.xml:16:16-50
69            android:value="True" />
69-->src\main\AndroidManifest.xml:16:51-71
70        <meta-data
70-->src\main\AndroidManifest.xml:17:5-78
71            android:name="unity.launch-fullscreen"
71-->src\main\AndroidManifest.xml:17:16-54
72            android:value="True" />
72-->src\main\AndroidManifest.xml:17:55-75
73        <meta-data
73-->src\main\AndroidManifest.xml:18:5-84
74            android:name="unity.allow-resizable-window"
74-->src\main\AndroidManifest.xml:18:16-59
75            android:value="False" />
75-->src\main\AndroidManifest.xml:18:60-81
76        <meta-data
76-->src\main\AndroidManifest.xml:19:5-81
77            android:name="notch.config"
77-->src\main\AndroidManifest.xml:19:16-43
78            android:value="portrait|landscape" />
78-->src\main\AndroidManifest.xml:19:44-78
79        <meta-data
79-->src\main\AndroidManifest.xml:20:5-97
80            android:name="com.samsung.android.vr.application.mode"
80-->src\main\AndroidManifest.xml:20:16-70
81            android:value="vr_only" />
81-->src\main\AndroidManifest.xml:20:71-94
82        <meta-data
82-->src\main\AndroidManifest.xml:21:5-91
83            android:name="com.unity.xr.oculus.LowOverheadMode"
83-->src\main\AndroidManifest.xml:21:16-66
84            android:value="false" />
84-->src\main\AndroidManifest.xml:21:67-88
85        <meta-data
85-->src\main\AndroidManifest.xml:22:5-88
86            android:name="com.unity.xr.oculus.LateLatching"
86-->src\main\AndroidManifest.xml:22:16-63
87            android:value="false" />
87-->src\main\AndroidManifest.xml:22:64-85
88        <meta-data
88-->src\main\AndroidManifest.xml:23:5-93
89            android:name="com.unity.xr.oculus.LateLatchingDebug"
89-->src\main\AndroidManifest.xml:23:16-68
90            android:value="false" />
90-->src\main\AndroidManifest.xml:23:69-90
91        <meta-data
91-->src\main\AndroidManifest.xml:24:5-90
92            android:name="com.oculus.supportedDevices"
92-->src\main\AndroidManifest.xml:24:16-58
93            android:value="quest|quest2" />
93-->src\main\AndroidManifest.xml:24:59-87
94    </application>
95
96</manifest>